c:\users\никита\source\repos\graphic_core_1\graphic_core_1\ядро\ядро\debug\vc141.pdb
c:\users\никита\source\repos\graphic_core_1\graphic_core_1\ядро\ядро\debug\vc141.idb
c:\users\никита\source\repos\graphic_core_1\graphic_core_1\ядро\ядро\debug\window.obj
c:\users\никита\source\repos\graphic_core_1\graphic_core_1\ядро\ядро\debug\vertexshader.obj
c:\users\никита\source\repos\graphic_core_1\graphic_core_1\ядро\ядро\debug\vertexbuffer.obj
c:\users\никита\source\repos\graphic_core_1\graphic_core_1\ядро\ядро\debug\texturemanager.obj
c:\users\никита\source\repos\graphic_core_1\graphic_core_1\ядро\ядро\debug\texture.obj
c:\users\никита\source\repos\graphic_core_1\graphic_core_1\ядро\ядро\debug\swapchain.obj
c:\users\никита\source\repos\graphic_core_1\graphic_core_1\ядро\ядро\debug\pixelshader.obj
c:\users\никита\source\repos\graphic_core_1\graphic_core_1\ядро\ядро\debug\main.obj
c:\users\никита\source\repos\graphic_core_1\graphic_core_1\ядро\ядро\debug\inputsystem.obj
c:\users\никита\source\repos\graphic_core_1\graphic_core_1\ядро\ядро\debug\indexbuffer.obj
c:\users\никита\source\repos\graphic_core_1\graphic_core_1\ядро\ядро\debug\graphicsengine.obj
c:\users\никита\source\repos\graphic_core_1\graphic_core_1\ядро\ядро\debug\devicecontext.obj
c:\users\никита\source\repos\graphic_core_1\graphic_core_1\ядро\ядро\debug\constantbuffer.obj
c:\users\никита\source\repos\graphic_core_1\graphic_core_1\ядро\ядро\debug\appwindow.obj
c:\users\никита\source\repos\graphic_core_1\graphic_core_1\ядро\ядро\debug\triangles.obj
c:\users\никита\source\repos\graphic_core_1\graphic_core_1\ядро\ядро\debug\graphic_core_1.exe
c:\users\никита\source\repos\graphic_core_1\graphic_core_1\ядро\ядро\debug\graphic_core_1.ilk
c:\users\никита\source\repos\graphic_core_1\graphic_core_1\ядро\ядро\debug\graphic_core_1.pdb
c:\users\никита\source\repos\graphic_core_1\graphic_core_1\ядро\ядро\debug\graphic_core_1.res
c:\users\никита\source\repos\graphic_core_1\graphic_core_1\ядро\ядро\debug\graphic_core_1.tlog\cl.command.1.tlog
c:\users\никита\source\repos\graphic_core_1\graphic_core_1\ядро\ядро\debug\graphic_core_1.tlog\cl.read.1.tlog
c:\users\никита\source\repos\graphic_core_1\graphic_core_1\ядро\ядро\debug\graphic_core_1.tlog\cl.write.1.tlog
c:\users\никита\source\repos\graphic_core_1\graphic_core_1\ядро\ядро\debug\graphic_core_1.tlog\link.command.1.tlog
c:\users\никита\source\repos\graphic_core_1\graphic_core_1\ядро\ядро\debug\graphic_core_1.tlog\link.read.1.tlog
c:\users\никита\source\repos\graphic_core_1\graphic_core_1\ядро\ядро\debug\graphic_core_1.tlog\link.write.1.tlog
c:\users\никита\source\repos\graphic_core_1\graphic_core_1\ядро\ядро\debug\graphic_core_1.tlog\rc.command.1.tlog
c:\users\никита\source\repos\graphic_core_1\graphic_core_1\ядро\ядро\debug\graphic_core_1.tlog\rc.read.1.tlog
c:\users\никита\source\repos\graphic_core_1\graphic_core_1\ядро\ядро\debug\graphic_core_1.tlog\rc.write.1.tlog
